# JRE version: OpenJDK Runtime Environment Temurin-17.0.12+7 (17.0.12+7) (build 17.0.12+7)
# Java VM: OpenJDK 64-Bit Server VM Temurin-17.0.12+7 (17.0.12+7, mixed mode, tiered, compressed oops, compressed class ptrs, parallel gc, windows-amd64)
GC Precious Log:
 CPUs: 8 total, 8 available
 Memory: 16082M
 Large Page Support: Disabled
 NUMA Support: Disabled
 Compressed Oops: Enabled (32-bit)
 Alignments: Space 512K, Generation 512K, Heap 2M
 Heap Min Capacity: 100M
 Heap Initial Capacity: 100M
 Heap Max Capacity: 1G
 Pre-touch: Disabled
 Parallel Workers: 8
Heap:
 PSYoungGen      total 22528K, used 10038K [0x00000000eab00000, 0x00000000ec500000, 0x0000000100000000)
  eden space 20480K, 40% used [0x00000000eab00000,0x00000000eb30d8e0,0x00000000ebf00000)
  from space 2048K, 87% used [0x00000000ebf00000,0x00000000ec0c0000,0x00000000ec100000)
  to   space 3072K, 0% used [0x00000000ec200000,0x00000000ec200000,0x00000000ec500000)
 ParOldGen       total 68608K, used 23094K [0x00000000c0000000, 0x00000000c4300000, 0x00000000eab00000)
  object space 68608K, 33% used [0x00000000c0000000,0x00000000c168dbe8,0x00000000c4300000)
 Metaspace       used 41214K, committed 42048K, reserved 1114112K
  class space    used 4190K, committed 4544K, reserved 1048576K
GC Heap History (20 events):
Event: 3.831 GC heap before
{Heap before GC invocations=8 (full 1):
 PSYoungGen      total 26624K, used 26529K [0x00000000eab00000, 0x00000000ec800000, 0x0000000100000000)
  eden space 24576K, 100% used [0x00000000eab00000,0x00000000ec300000,0x00000000ec300000)
  from space 2048K, 95% used [0x00000000ec600000,0x00000000ec7e8488,0x00000000ec800000)
  to   space 2560K, 0% used [0x00000000ec300000,0x00000000ec300000,0x00000000ec580000)
 ParOldGen       total 68608K, used 7655K [0x00000000c0000000, 0x00000000c4300000, 0x00000000eab00000)
  object space 68608K, 11% used [0x00000000c0000000,0x00000000c0779d38,0x00000000c4300000)
 Metaspace       used 30376K, committed 30976K, reserved 1114112K
  class space    used 2937K, committed 3200K, reserved 1048576K
}
Event: 3.833 GC heap after
{Heap after GC invocations=8 (full 1):
 PSYoungGen      total 26624K, used 2547K [0x00000000eab00000, 0x00000000eca80000, 0x0000000100000000)
  eden space 24064K, 0% used [0x00000000eab00000,0x00000000eab00000,0x00000000ec280000)
  from space 2560K, 99% used [0x00000000ec300000,0x00000000ec57cc90,0x00000000ec580000)
  to   space 4096K, 0% used [0x00000000ec680000,0x00000000ec680000,0x00000000eca80000)
 ParOldGen       total 68608K, used 8545K [0x00000000c0000000, 0x00000000c4300000, 0x00000000eab00000)
  object space 68608K, 12% used [0x00000000c0000000,0x00000000c08584c0,0x00000000c4300000)
 Metaspace       used 30376K, committed 30976K, reserved 1114112K
  class space    used 2937K, committed 3200K, reserved 1048576K
}
Event: 4.280 GC heap before
{Heap before GC invocations=9 (full 1):
 PSYoungGen      total 26624K, used 26611K [0x00000000eab00000, 0x00000000eca80000, 0x0000000100000000)
  eden space 24064K, 100% used [0x00000000eab00000,0x00000000ec280000,0x00000000ec280000)
  from space 2560K, 99% used [0x00000000ec300000,0x00000000ec57cc90,0x00000000ec580000)
  to   space 4096K, 0% used [0x00000000ec680000,0x00000000ec680000,0x00000000eca80000)
 ParOldGen       total 68608K, used 8545K [0x00000000c0000000, 0x00000000c4300000, 0x00000000eab00000)
  object space 68608K, 12% used [0x00000000c0000000,0x00000000c08584c0,0x00000000c4300000)
 Metaspace       used 34068K, committed 34752K, reserved 1114112K
  class space    used 3397K, committed 3648K, reserved 1048576K
}
Event: 4.282 GC heap after
{Heap after GC invocations=9 (full 1):
 PSYoungGen      total 27648K, used 3801K [0x00000000eab00000, 0x00000000eca80000, 0x0000000100000000)
  eden space 23552K, 0% used [0x00000000eab00000,0x00000000eab00000,0x00000000ec200000)
  from space 4096K, 92% used [0x00000000ec680000,0x00000000eca366e0,0x00000000eca80000)
  to   space 4096K, 0% used [0x00000000ec280000,0x00000000ec280000,0x00000000ec680000)
 ParOldGen       total 68608K, used 8553K [0x00000000c0000000, 0x00000000c4300000, 0x00000000eab00000)
  object space 68608K, 12% used [0x00000000c0000000,0x00000000c085a4c0,0x00000000c4300000)
 Metaspace       used 34068K, committed 34752K, reserved 1114112K
  class space    used 3397K, committed 3648K, reserved 1048576K
}
Event: 4.560 GC heap before
{Heap before GC invocations=10 (full 1):
 PSYoungGen      total 27648K, used 11536K [0x00000000eab00000, 0x00000000eca80000, 0x0000000100000000)
  eden space 23552K, 32% used [0x00000000eab00000,0x00000000eb28dc70,0x00000000ec200000)
  from space 4096K, 92% used [0x00000000ec680000,0x00000000eca366e0,0x00000000eca80000)
  to   space 4096K, 0% used [0x00000000ec280000,0x00000000ec280000,0x00000000ec680000)
 ParOldGen       total 68608K, used 8553K [0x00000000c0000000, 0x00000000c4300000, 0x00000000eab00000)
  object space 68608K, 12% used [0x00000000c0000000,0x00000000c085a4c0,0x00000000c4300000)
 Metaspace       used 35255K, committed 35840K, reserved 1114112K
  class space    used 3535K, committed 3776K, reserved 1048576K
}
Event: 4.562 GC heap after
{Heap after GC invocations=10 (full 1):
 PSYoungGen      total 26624K, used 2777K [0x00000000eab00000, 0x00000000ec900000, 0x0000000100000000)
  eden space 23552K, 0% used [0x00000000eab00000,0x00000000eab00000,0x00000000ec200000)
  from space 3072K, 90% used [0x00000000ec280000,0x00000000ec536418,0x00000000ec580000)
  to   space 3584K, 0% used [0x00000000ec580000,0x00000000ec580000,0x00000000ec900000)
 ParOldGen       total 68608K, used 10141K [0x00000000c0000000, 0x00000000c4300000, 0x00000000eab00000)
  object space 68608K, 14% used [0x00000000c0000000,0x00000000c09e7540,0x00000000c4300000)
 Metaspace       used 35255K, committed 35840K, reserved 1114112K
  class space    used 3535K, committed 3776K, reserved 1048576K
}
Event: 4.562 GC heap before
{Heap before GC invocations=11 (full 2):
 PSYoungGen      total 26624K, used 2777K [0x00000000eab00000, 0x00000000ec900000, 0x0000000100000000)
  eden space 23552K, 0% used [0x00000000eab00000,0x00000000eab00000,0x00000000ec200000)
  from space 3072K, 90% used [0x00000000ec280000,0x00000000ec536418,0x00000000ec580000)
  to   space 3584K, 0% used [0x00000000ec580000,0x00000000ec580000,0x00000000ec900000)
 ParOldGen       total 68608K, used 10141K [0x00000000c0000000, 0x00000000c4300000, 0x00000000eab00000)
  object space 68608K, 14% used [0x00000000c0000000,0x00000000c09e7540,0x00000000c4300000)
 Metaspace       used 35255K, committed 35840K, reserved 1114112K
  class space    used 3535K, committed 3776K, reserved 1048576K
}
Event: 4.580 GC heap after
{Heap after GC invocations=11 (full 2):
 PSYoungGen      total 26624K, used 0K [0x00000000eab00000, 0x00000000ec900000, 0x0000000100000000)
  eden space 23552K, 0% used [0x00000000eab00000,0x00000000eab00000,0x00000000ec200000)
  from space 3072K, 0% used [0x00000000ec280000,0x00000000ec280000,0x00000000ec580000)
  to   space 3584K, 0% used [0x00000000ec580000,0x00000000ec580000,0x00000000ec900000)
 ParOldGen       total 68608K, used 12615K [0x00000000c0000000, 0x00000000c4300000, 0x00000000eab00000)
  object space 68608K, 18% used [0x00000000c0000000,0x00000000c0c51c48,0x00000000c4300000)
 Metaspace       used 35255K, committed 35840K, reserved 1114112K
  class space    used 3535K, committed 3776K, reserved 1048576K
}
Event: 123.190 GC heap before
{Heap before GC invocations=12 (full 2):
 PSYoungGen      total 26624K, used 23552K [0x00000000eab00000, 0x00000000ec900000, 0x0000000100000000)
  eden space 23552K, 100% used [0x00000000eab00000,0x00000000ec200000,0x00000000ec200000)
  from space 3072K, 0% used [0x00000000ec280000,0x00000000ec280000,0x00000000ec580000)
  to   space 3584K, 0% used [0x00000000ec580000,0x00000000ec580000,0x00000000ec900000)
 ParOldGen       total 68608K, used 12615K [0x00000000c0000000, 0x00000000c4300000, 0x00000000eab00000)
  object space 68608K, 18% used [0x00000000c0000000,0x00000000c0c51c48,0x00000000c4300000)
 Metaspace       used 38630K, committed 39296K, reserved 1114112K
  class space    used 3924K, committed 4224K, reserved 1048576K
}
Event: 123.191 GC heap after
{Heap after GC invocations=12 (full 2):
 PSYoungGen      total 24576K, used 1466K [0x00000000eab00000, 0x00000000ec700000, 0x0000000100000000)
  eden space 23040K, 0% used [0x00000000eab00000,0x00000000eab00000,0x00000000ec180000)
  from space 1536K, 95% used [0x00000000ec580000,0x00000000ec6eeb98,0x00000000ec700000)
  to   space 2048K, 0% used [0x00000000ec300000,0x00000000ec300000,0x00000000ec500000)
 ParOldGen       total 68608K, used 12623K [0x00000000c0000000, 0x00000000c4300000, 0x00000000eab00000)
  object space 68608K, 18% used [0x00000000c0000000,0x00000000c0c53c48,0x00000000c4300000)
 Metaspace       used 38630K, committed 39296K, reserved 1114112K
  class space    used 3924K, committed 4224K, reserved 1048576K
}
Event: 123.367 GC heap before
{Heap before GC invocations=13 (full 2):
 PSYoungGen      total 24576K, used 24506K [0x00000000eab00000, 0x00000000ec700000, 0x0000000100000000)
  eden space 23040K, 100% used [0x00000000eab00000,0x00000000ec180000,0x00000000ec180000)
  from space 1536K, 95% used [0x00000000ec580000,0x00000000ec6eeb98,0x00000000ec700000)
  to   space 2048K, 0% used [0x00000000ec300000,0x00000000ec300000,0x00000000ec500000)
 ParOldGen       total 68608K, used 12623K [0x00000000c0000000, 0x00000000c4300000, 0x00000000eab00000)
  object space 68608K, 18% used [0x00000000c0000000,0x00000000c0c53c48,0x00000000c4300000)
 Metaspace       used 39862K, committed 40704K, reserved 1114112K
  class space    used 4069K, committed 4416K, reserved 1048576K
}
Event: 123.370 GC heap after
{Heap after GC invocations=13 (full 2):
 PSYoungGen      total 24576K, used 2040K [0x00000000eab00000, 0x00000000ec900000, 0x0000000100000000)
  eden space 22528K, 0% used [0x00000000eab00000,0x00000000eab00000,0x00000000ec100000)
  from space 2048K, 99% used [0x00000000ec300000,0x00000000ec4fe240,0x00000000ec500000)
  to   space 4096K, 0% used [0x00000000ec500000,0x00000000ec500000,0x00000000ec900000)
 ParOldGen       total 68608K, used 14041K [0x00000000c0000000, 0x00000000c4300000, 0x00000000eab00000)
  object space 68608K, 20% used [0x00000000c0000000,0x00000000c0db6798,0x00000000c4300000)
 Metaspace       used 39862K, committed 40704K, reserved 1114112K
  class space    used 4069K, committed 4416K, reserved 1048576K
}
Event: 123.479 GC heap before
{Heap before GC invocations=14 (full 2):
 PSYoungGen      total 24576K, used 24568K [0x00000000eab00000, 0x00000000ec900000, 0x0000000100000000)
  eden space 22528K, 100% used [0x00000000eab00000,0x00000000ec100000,0x00000000ec100000)
  from space 2048K, 99% used [0x00000000ec300000,0x00000000ec4fe240,0x00000000ec500000)
  to   space 4096K, 0% used [0x00000000ec500000,0x00000000ec500000,0x00000000ec900000)
 ParOldGen       total 68608K, used 14041K [0x00000000c0000000, 0x00000000c4300000, 0x00000000eab00000)
  object space 68608K, 20% used [0x00000000c0000000,0x00000000c0db6798,0x00000000c4300000)
 Metaspace       used 39958K, committed 40768K, reserved 1114112K
  class space    used 4073K, committed 4416K, reserved 1048576K
}
Event: 123.481 GC heap after
{Heap after GC invocations=14 (full 2):
 PSYoungGen      total 24576K, used 2338K [0x00000000eab00000, 0x00000000ec780000, 0x0000000100000000)
  eden space 22016K, 0% used [0x00000000eab00000,0x00000000eab00000,0x00000000ec080000)
  from space 2560K, 91% used [0x00000000ec500000,0x00000000ec748810,0x00000000ec780000)
  to   space 3072K, 0% used [0x00000000ec180000,0x00000000ec180000,0x00000000ec480000)
 ParOldGen       total 68608K, used 16014K [0x00000000c0000000, 0x00000000c4300000, 0x00000000eab00000)
  object space 68608K, 23% used [0x00000000c0000000,0x00000000c0fa3b30,0x00000000c4300000)
 Metaspace       used 39958K, committed 40768K, reserved 1114112K
  class space    used 4073K, committed 4416K, reserved 1048576K
}
Event: 123.552 GC heap before
{Heap before GC invocations=15 (full 2):
 PSYoungGen      total 24576K, used 24354K [0x00000000eab00000, 0x00000000ec780000, 0x0000000100000000)
  eden space 22016K, 100% used [0x00000000eab00000,0x00000000ec080000,0x00000000ec080000)
  from space 2560K, 91% used [0x00000000ec500000,0x00000000ec748810,0x00000000ec780000)
  to   space 3072K, 0% used [0x00000000ec180000,0x00000000ec180000,0x00000000ec480000)
 ParOldGen       total 68608K, used 16014K [0x00000000c0000000, 0x00000000c4300000, 0x00000000eab00000)
  object space 68608K, 23% used [0x00000000c0000000,0x00000000c0fa3b30,0x00000000c4300000)
 Metaspace       used 40083K, committed 40832K, reserved 1114112K
  class space    used 4082K, committed 4416K, reserved 1048576K
}
Event: 123.557 GC heap after
{Heap after GC invocations=15 (full 2):
 PSYoungGen      total 25088K, used 2592K [0x00000000eab00000, 0x00000000ec680000, 0x0000000100000000)
  eden space 22016K, 0% used [0x00000000eab00000,0x00000000eab00000,0x00000000ec080000)
  from space 3072K, 84% used [0x00000000ec180000,0x00000000ec408010,0x00000000ec480000)
  to   space 2048K, 0% used [0x00000000ec480000,0x00000000ec480000,0x00000000ec680000)
 ParOldGen       total 68608K, used 18286K [0x00000000c0000000, 0x00000000c4300000, 0x00000000eab00000)
  object space 68608K, 26% used [0x00000000c0000000,0x00000000c11dbbb0,0x00000000c4300000)
 Metaspace       used 40083K, committed 40832K, reserved 1114112K
  class space    used 4082K, committed 4416K, reserved 1048576K
}
Event: 123.595 GC heap before
{Heap before GC invocations=16 (full 2):
 PSYoungGen      total 25088K, used 24608K [0x00000000eab00000, 0x00000000ec680000, 0x0000000100000000)
  eden space 22016K, 100% used [0x00000000eab00000,0x00000000ec080000,0x00000000ec080000)
  from space 3072K, 84% used [0x00000000ec180000,0x00000000ec408010,0x00000000ec480000)
  to   space 2048K, 0% used [0x00000000ec480000,0x00000000ec480000,0x00000000ec680000)
 ParOldGen       total 68608K, used 18286K [0x00000000c0000000, 0x00000000c4300000, 0x00000000eab00000)
  object space 68608K, 26% used [0x00000000c0000000,0x00000000c11dbbb0,0x00000000c4300000)
 Metaspace       used 40087K, committed 40896K, reserved 1114112K
  class space    used 4082K, committed 4416K, reserved 1048576K
}
Event: 123.598 GC heap after
{Heap after GC invocations=16 (full 2):
 PSYoungGen      total 22528K, used 2016K [0x00000000eab00000, 0x00000000ecb80000, 0x0000000100000000)
  eden space 20480K, 0% used [0x00000000eab00000,0x00000000eab00000,0x00000000ebf00000)
  from space 2048K, 98% used [0x00000000ec480000,0x00000000ec678010,0x00000000ec680000)
  to   space 5632K, 0% used [0x00000000ebf00000,0x00000000ebf00000,0x00000000ec480000)
 ParOldGen       total 68608K, used 21030K [0x00000000c0000000, 0x00000000c4300000, 0x00000000eab00000)
  object space 68608K, 30% used [0x00000000c0000000,0x00000000c1489bd8,0x00000000c4300000)
 Metaspace       used 40087K, committed 40896K, reserved 1114112K
  class space    used 4082K, committed 4416K, reserved 1048576K
}
Event: 123.629 GC heap before
{Heap before GC invocations=17 (full 2):
 PSYoungGen      total 22528K, used 22496K [0x00000000eab00000, 0x00000000ecb80000, 0x0000000100000000)
  eden space 20480K, 100% used [0x00000000eab00000,0x00000000ebf00000,0x00000000ebf00000)
  from space 2048K, 98% used [0x00000000ec480000,0x00000000ec678010,0x00000000ec680000)
  to   space 5632K, 0% used [0x00000000ebf00000,0x00000000ebf00000,0x00000000ec480000)
 ParOldGen       total 68608K, used 21030K [0x00000000c0000000, 0x00000000c4300000, 0x00000000eab00000)
  object space 68608K, 30% used [0x00000000c0000000,0x00000000c1489bd8,0x00000000c4300000)
 Metaspace       used 40087K, committed 40896K, reserved 1114112K
  class space    used 4082K, committed 4416K, reserved 1048576K
}
Event: 123.632 GC heap after
{Heap after GC invocations=17 (full 2):
 PSYoungGen      total 22528K, used 1792K [0x00000000eab00000, 0x00000000ec500000, 0x0000000100000000)
  eden space 20480K, 0% used [0x00000000eab00000,0x00000000eab00000,0x00000000ebf00000)
  from space 2048K, 87% used [0x00000000ebf00000,0x00000000ec0c0000,0x00000000ec100000)
  to   space 3072K, 0% used [0x00000000ec200000,0x00000000ec200000,0x00000000ec500000)
 ParOldGen       total 68608K, used 23094K [0x00000000c0000000, 0x00000000c4300000, 0x00000000eab00000)
  object space 68608K, 33% used [0x00000000c0000000,0x00000000c168dbe8,0x00000000c4300000)
 Metaspace       used 40087K, committed 40896K, reserved 1114112K
  class space    used 4082K, committed 4416K, reserved 1048576K
}

