# JRE version: OpenJDK Runtime Environment Temurin-17.0.12+7 (17.0.12+7) (build 17.0.12+7)
# Java VM: OpenJDK 64-Bit Server VM Temurin-17.0.12+7 (17.0.12+7, mixed mode, tiered, compressed oops, compressed class ptrs, parallel gc, windows-amd64)
GC Precious Log:
 CPUs: 8 total, 8 available
 Memory: 16082M
 Large Page Support: Disabled
 NUMA Support: Disabled
 Compressed Oops: Enabled (32-bit)
 Alignments: Space 512K, Generation 512K, Heap 2M
 Heap Min Capacity: 100M
 Heap Initial Capacity: 100M
 Heap Max Capacity: 1G
 Pre-touch: Disabled
 Parallel Workers: 8
Heap:
 PSYoungGen      total 5120K, used 4096K [0x00000000eab00000, 0x00000000eb180000, 0x0000000100000000)
  eden space 4096K, 100% used [0x00000000eab00000,0x00000000eaf00000,0x00000000eaf00000)
  from space 1024K, 0% used [0x00000000eb000000,0x00000000eb000000,0x00000000eb100000)
  to   space 1024K, 0% used [0x00000000eaf00000,0x00000000eaf00000,0x00000000eb000000)
 ParOldGen       total 133632K, used 133494K [0x00000000c0000000, 0x00000000c8280000, 0x00000000eab00000)
  object space 133632K, 99% used [0x00000000c0000000,0x00000000c825db90,0x00000000c8280000)
 Metaspace       used 64775K, committed 65920K, reserved 1114112K
  class space    used 7408K, committed 7872K, reserved 1048576K
GC Heap History (20 events):
Event: 7.264 GC heap after
{Heap after GC invocations=129 (full 5):
 PSYoungGen      total 4096K, used 657K [0x00000000eab00000, 0x00000000eb100000, 0x0000000100000000)
  eden space 3072K, 0% used [0x00000000eab00000,0x00000000eab00000,0x00000000eae00000)
  from space 1024K, 64% used [0x00000000eae00000,0x00000000eaea4580,0x00000000eaf00000)
  to   space 1024K, 0% used [0x00000000eb000000,0x00000000eb000000,0x00000000eb100000)
 ParOldGen       total 133632K, used 133379K [0x00000000c0000000, 0x00000000c8280000, 0x00000000eab00000)
  object space 133632K, 99% used [0x00000000c0000000,0x00000000c8240c40,0x00000000c8280000)
 Metaspace       used 63959K, committed 65088K, reserved 1114112K
  class space    used 7325K, committed 7808K, reserved 1048576K
}
Event: 7.264 GC heap before
{Heap before GC invocations=130 (full 6):
 PSYoungGen      total 4096K, used 657K [0x00000000eab00000, 0x00000000eb100000, 0x0000000100000000)
  eden space 3072K, 0% used [0x00000000eab00000,0x00000000eab00000,0x00000000eae00000)
  from space 1024K, 64% used [0x00000000eae00000,0x00000000eaea4580,0x00000000eaf00000)
  to   space 1024K, 0% used [0x00000000eb000000,0x00000000eb000000,0x00000000eb100000)
 ParOldGen       total 133632K, used 133379K [0x00000000c0000000, 0x00000000c8280000, 0x00000000eab00000)
  object space 133632K, 99% used [0x00000000c0000000,0x00000000c8240c40,0x00000000c8280000)
 Metaspace       used 63959K, committed 65088K, reserved 1114112K
  class space    used 7325K, committed 7808K, reserved 1048576K
}
Event: 7.314 GC heap after
{Heap after GC invocations=130 (full 6):
 PSYoungGen      total 5120K, used 0K [0x00000000eab00000, 0x00000000eb100000, 0x0000000100000000)
  eden space 4096K, 0% used [0x00000000eab00000,0x00000000eab00000,0x00000000eaf00000)
  from space 1024K, 0% used [0x00000000eb000000,0x00000000eb000000,0x00000000eb100000)
  to   space 1024K, 0% used [0x00000000eaf00000,0x00000000eaf00000,0x00000000eb000000)
 ParOldGen       total 133632K, used 130283K [0x00000000c0000000, 0x00000000c8280000, 0x00000000eab00000)
  object space 133632K, 97% used [0x00000000c0000000,0x00000000c7f3adf0,0x00000000c8280000)
 Metaspace       used 63959K, committed 65088K, reserved 1114112K
  class space    used 7325K, committed 7808K, reserved 1048576K
}
Event: 7.326 GC heap before
{Heap before GC invocations=131 (full 6):
 PSYoungGen      total 5120K, used 4096K [0x00000000eab00000, 0x00000000eb100000, 0x0000000100000000)
  eden space 4096K, 100% used [0x00000000eab00000,0x00000000eaf00000,0x00000000eaf00000)
  from space 1024K, 0% used [0x00000000eb000000,0x00000000eb000000,0x00000000eb100000)
  to   space 1024K, 0% used [0x00000000eaf00000,0x00000000eaf00000,0x00000000eb000000)
 ParOldGen       total 133632K, used 130283K [0x00000000c0000000, 0x00000000c8280000, 0x00000000eab00000)
  object space 133632K, 97% used [0x00000000c0000000,0x00000000c7f3adf0,0x00000000c8280000)
 Metaspace       used 64016K, committed 65088K, reserved 1114112K
  class space    used 7333K, committed 7808K, reserved 1048576K
}
Event: 7.327 GC heap after
{Heap after GC invocations=131 (full 6):
 PSYoungGen      total 5120K, used 1006K [0x00000000eab00000, 0x00000000eb200000, 0x0000000100000000)
  eden space 4096K, 0% used [0x00000000eab00000,0x00000000eab00000,0x00000000eaf00000)
  from space 1024K, 98% used [0x00000000eaf00000,0x00000000eaffb998,0x00000000eb000000)
  to   space 1536K, 0% used [0x00000000eb080000,0x00000000eb080000,0x00000000eb200000)
 ParOldGen       total 133632K, used 130299K [0x00000000c0000000, 0x00000000c8280000, 0x00000000eab00000)
  object space 133632K, 97% used [0x00000000c0000000,0x00000000c7f3edf0,0x00000000c8280000)
 Metaspace       used 64016K, committed 65088K, reserved 1114112K
  class space    used 7333K, committed 7808K, reserved 1048576K
}
Event: 7.338 GC heap before
{Heap before GC invocations=132 (full 6):
 PSYoungGen      total 5120K, used 5102K [0x00000000eab00000, 0x00000000eb200000, 0x0000000100000000)
  eden space 4096K, 100% used [0x00000000eab00000,0x00000000eaf00000,0x00000000eaf00000)
  from space 1024K, 98% used [0x00000000eaf00000,0x00000000eaffb998,0x00000000eb000000)
  to   space 1536K, 0% used [0x00000000eb080000,0x00000000eb080000,0x00000000eb200000)
 ParOldGen       total 133632K, used 130299K [0x00000000c0000000, 0x00000000c8280000, 0x00000000eab00000)
  object space 133632K, 97% used [0x00000000c0000000,0x00000000c7f3edf0,0x00000000c8280000)
 Metaspace       used 64131K, committed 65216K, reserved 1114112K
  class space    used 7342K, committed 7808K, reserved 1048576K
}
Event: 7.340 GC heap after
{Heap after GC invocations=132 (full 6):
 PSYoungGen      total 5120K, used 999K [0x00000000eab00000, 0x00000000eb180000, 0x0000000100000000)
  eden space 4096K, 0% used [0x00000000eab00000,0x00000000eab00000,0x00000000eaf00000)
  from space 1024K, 97% used [0x00000000eb080000,0x00000000eb179f60,0x00000000eb180000)
  to   space 1024K, 0% used [0x00000000eaf00000,0x00000000eaf00000,0x00000000eb000000)
 ParOldGen       total 133632K, used 131140K [0x00000000c0000000, 0x00000000c8280000, 0x00000000eab00000)
  object space 133632K, 98% used [0x00000000c0000000,0x00000000c80113e0,0x00000000c8280000)
 Metaspace       used 64131K, committed 65216K, reserved 1114112K
  class space    used 7342K, committed 7808K, reserved 1048576K
}
Event: 7.351 GC heap before
{Heap before GC invocations=133 (full 6):
 PSYoungGen      total 5120K, used 5095K [0x00000000eab00000, 0x00000000eb180000, 0x0000000100000000)
  eden space 4096K, 100% used [0x00000000eab00000,0x00000000eaf00000,0x00000000eaf00000)
  from space 1024K, 97% used [0x00000000eb080000,0x00000000eb179f60,0x00000000eb180000)
  to   space 1024K, 0% used [0x00000000eaf00000,0x00000000eaf00000,0x00000000eb000000)
 ParOldGen       total 133632K, used 131140K [0x00000000c0000000, 0x00000000c8280000, 0x00000000eab00000)
  object space 133632K, 98% used [0x00000000c0000000,0x00000000c80113e0,0x00000000c8280000)
 Metaspace       used 64270K, committed 65344K, reserved 1114112K
  class space    used 7359K, committed 7808K, reserved 1048576K
}
Event: 7.352 GC heap after
{Heap after GC invocations=133 (full 6):
 PSYoungGen      total 5120K, used 893K [0x00000000eab00000, 0x00000000eb100000, 0x0000000100000000)
  eden space 4096K, 0% used [0x00000000eab00000,0x00000000eab00000,0x00000000eaf00000)
  from space 1024K, 87% used [0x00000000eaf00000,0x00000000eafdf478,0x00000000eb000000)
  to   space 1024K, 0% used [0x00000000eb000000,0x00000000eb000000,0x00000000eb100000)
 ParOldGen       total 133632K, used 131948K [0x00000000c0000000, 0x00000000c8280000, 0x00000000eab00000)
  object space 133632K, 98% used [0x00000000c0000000,0x00000000c80db060,0x00000000c8280000)
 Metaspace       used 64270K, committed 65344K, reserved 1114112K
  class space    used 7359K, committed 7808K, reserved 1048576K
}
Event: 7.364 GC heap before
{Heap before GC invocations=134 (full 6):
 PSYoungGen      total 5120K, used 4989K [0x00000000eab00000, 0x00000000eb100000, 0x0000000100000000)
  eden space 4096K, 100% used [0x00000000eab00000,0x00000000eaf00000,0x00000000eaf00000)
  from space 1024K, 87% used [0x00000000eaf00000,0x00000000eafdf478,0x00000000eb000000)
  to   space 1024K, 0% used [0x00000000eb000000,0x00000000eb000000,0x00000000eb100000)
 ParOldGen       total 133632K, used 131948K [0x00000000c0000000, 0x00000000c8280000, 0x00000000eab00000)
  object space 133632K, 98% used [0x00000000c0000000,0x00000000c80db060,0x00000000c8280000)
 Metaspace       used 64446K, committed 65536K, reserved 1114112K
  class space    used 7369K, committed 7872K, reserved 1048576K
}
Event: 7.365 GC heap after
{Heap after GC invocations=134 (full 6):
 PSYoungGen      total 5120K, used 996K [0x00000000eab00000, 0x00000000eb100000, 0x0000000100000000)
  eden space 4096K, 0% used [0x00000000eab00000,0x00000000eab00000,0x00000000eaf00000)
  from space 1024K, 97% used [0x00000000eb000000,0x00000000eb0f9120,0x00000000eb100000)
  to   space 1024K, 0% used [0x00000000eaf00000,0x00000000eaf00000,0x00000000eb000000)
 ParOldGen       total 133632K, used 132719K [0x00000000c0000000, 0x00000000c8280000, 0x00000000eab00000)
  object space 133632K, 99% used [0x00000000c0000000,0x00000000c819bda0,0x00000000c8280000)
 Metaspace       used 64446K, committed 65536K, reserved 1114112K
  class space    used 7369K, committed 7872K, reserved 1048576K
}
Event: 7.375 GC heap before
{Heap before GC invocations=135 (full 6):
 PSYoungGen      total 5120K, used 5092K [0x00000000eab00000, 0x00000000eb100000, 0x0000000100000000)
  eden space 4096K, 100% used [0x00000000eab00000,0x00000000eaf00000,0x00000000eaf00000)
  from space 1024K, 97% used [0x00000000eb000000,0x00000000eb0f9120,0x00000000eb100000)
  to   space 1024K, 0% used [0x00000000eaf00000,0x00000000eaf00000,0x00000000eb000000)
 ParOldGen       total 133632K, used 132719K [0x00000000c0000000, 0x00000000c8280000, 0x00000000eab00000)
  object space 133632K, 99% used [0x00000000c0000000,0x00000000c819bda0,0x00000000c8280000)
 Metaspace       used 64586K, committed 65664K, reserved 1114112K
  class space    used 7386K, committed 7872K, reserved 1048576K
}
Event: 7.376 GC heap after
{Heap after GC invocations=135 (full 6):
 PSYoungGen      total 5120K, used 913K [0x00000000eab00000, 0x00000000eb100000, 0x0000000100000000)
  eden space 4096K, 0% used [0x00000000eab00000,0x00000000eab00000,0x00000000eaf00000)
  from space 1024K, 89% used [0x00000000eaf00000,0x00000000eafe4628,0x00000000eb000000)
  to   space 1024K, 0% used [0x00000000eb000000,0x00000000eb000000,0x00000000eb100000)
 ParOldGen       total 133632K, used 133482K [0x00000000c0000000, 0x00000000c8280000, 0x00000000eab00000)
  object space 133632K, 99% used [0x00000000c0000000,0x00000000c825a8e8,0x00000000c8280000)
 Metaspace       used 64586K, committed 65664K, reserved 1114112K
  class space    used 7386K, committed 7872K, reserved 1048576K
}
Event: 7.376 GC heap before
{Heap before GC invocations=136 (full 7):
 PSYoungGen      total 5120K, used 913K [0x00000000eab00000, 0x00000000eb100000, 0x0000000100000000)
  eden space 4096K, 0% used [0x00000000eab00000,0x00000000eab00000,0x00000000eaf00000)
  from space 1024K, 89% used [0x00000000eaf00000,0x00000000eafe4628,0x00000000eb000000)
  to   space 1024K, 0% used [0x00000000eb000000,0x00000000eb000000,0x00000000eb100000)
 ParOldGen       total 133632K, used 133482K [0x00000000c0000000, 0x00000000c8280000, 0x00000000eab00000)
  object space 133632K, 99% used [0x00000000c0000000,0x00000000c825a8e8,0x00000000c8280000)
 Metaspace       used 64586K, committed 65664K, reserved 1114112K
  class space    used 7386K, committed 7872K, reserved 1048576K
}
Event: 7.433 GC heap after
{Heap after GC invocations=136 (full 7):
 PSYoungGen      total 5120K, used 0K [0x00000000eab00000, 0x00000000eb180000, 0x0000000100000000)
  eden space 4096K, 0% used [0x00000000eab00000,0x00000000eab00000,0x00000000eaf00000)
  from space 1024K, 0% used [0x00000000eb000000,0x00000000eb000000,0x00000000eb100000)
  to   space 1024K, 0% used [0x00000000eaf00000,0x00000000eaf00000,0x00000000eb000000)
 ParOldGen       total 133632K, used 133449K [0x00000000c0000000, 0x00000000c8280000, 0x00000000eab00000)
  object space 133632K, 99% used [0x00000000c0000000,0x00000000c82525d0,0x00000000c8280000)
 Metaspace       used 64586K, committed 65664K, reserved 1114112K
  class space    used 7386K, committed 7872K, reserved 1048576K
}
Event: 7.445 GC heap before
{Heap before GC invocations=137 (full 8):
 PSYoungGen      total 5120K, used 4096K [0x00000000eab00000, 0x00000000eb180000, 0x0000000100000000)
  eden space 4096K, 100% used [0x00000000eab00000,0x00000000eaf00000,0x00000000eaf00000)
  from space 1024K, 0% used [0x00000000eb000000,0x00000000eb000000,0x00000000eb100000)
  to   space 1024K, 0% used [0x00000000eaf00000,0x00000000eaf00000,0x00000000eb000000)
 ParOldGen       total 133632K, used 133449K [0x00000000c0000000, 0x00000000c8280000, 0x00000000eab00000)
  object space 133632K, 99% used [0x00000000c0000000,0x00000000c82525d0,0x00000000c8280000)
 Metaspace       used 64607K, committed 65664K, reserved 1114112K
  class space    used 7391K, committed 7872K, reserved 1048576K
}
Event: 7.534 GC heap after
{Heap after GC invocations=137 (full 8):
 PSYoungGen      total 5120K, used 722K [0x00000000eab00000, 0x00000000eb180000, 0x0000000100000000)
  eden space 4096K, 17% used [0x00000000eab00000,0x00000000eabb4818,0x00000000eaf00000)
  from space 1024K, 0% used [0x00000000eaf00000,0x00000000eaf00000,0x00000000eb000000)
  to   space 1024K, 0% used [0x00000000eb000000,0x00000000eb000000,0x00000000eb100000)
 ParOldGen       total 133632K, used 133542K [0x00000000c0000000, 0x00000000c8280000, 0x00000000eab00000)
  object space 133632K, 99% used [0x00000000c0000000,0x00000000c8269a68,0x00000000c8280000)
 Metaspace       used 64607K, committed 65664K, reserved 1114112K
  class space    used 7391K, committed 7872K, reserved 1048576K
}
Event: 7.541 GC heap before
{Heap before GC invocations=138 (full 9):
 PSYoungGen      total 5120K, used 4096K [0x00000000eab00000, 0x00000000eb180000, 0x0000000100000000)
  eden space 4096K, 100% used [0x00000000eab00000,0x00000000eaf00000,0x00000000eaf00000)
  from space 1024K, 0% used [0x00000000eaf00000,0x00000000eaf00000,0x00000000eb000000)
  to   space 1024K, 0% used [0x00000000eb000000,0x00000000eb000000,0x00000000eb100000)
 ParOldGen       total 133632K, used 133542K [0x00000000c0000000, 0x00000000c8280000, 0x00000000eab00000)
  object space 133632K, 99% used [0x00000000c0000000,0x00000000c8269a68,0x00000000c8280000)
 Metaspace       used 64729K, committed 65792K, reserved 1114112K
  class space    used 7399K, committed 7872K, reserved 1048576K
}
Event: 7.592 GC heap after
{Heap after GC invocations=138 (full 9):
 PSYoungGen      total 5120K, used 1323K [0x00000000eab00000, 0x00000000eb180000, 0x0000000100000000)
  eden space 4096K, 32% used [0x00000000eab00000,0x00000000eac4ac70,0x00000000eaf00000)
  from space 1024K, 0% used [0x00000000eb000000,0x00000000eb000000,0x00000000eb100000)
  to   space 1024K, 0% used [0x00000000eaf00000,0x00000000eaf00000,0x00000000eb000000)
 ParOldGen       total 133632K, used 133494K [0x00000000c0000000, 0x00000000c8280000, 0x00000000eab00000)
  object space 133632K, 99% used [0x00000000c0000000,0x00000000c825db90,0x00000000c8280000)
 Metaspace       used 64729K, committed 65792K, reserved 1114112K
  class space    used 7399K, committed 7872K, reserved 1048576K
}
Event: 7.602 GC heap before
{Heap before GC invocations=139 (full 10):
 PSYoungGen      total 5120K, used 4096K [0x00000000eab00000, 0x00000000eb180000, 0x0000000100000000)
  eden space 4096K, 100% used [0x00000000eab00000,0x00000000eaf00000,0x00000000eaf00000)
  from space 1024K, 0% used [0x00000000eb000000,0x00000000eb000000,0x00000000eb100000)
  to   space 1024K, 0% used [0x00000000eaf00000,0x00000000eaf00000,0x00000000eb000000)
 ParOldGen       total 133632K, used 133494K [0x00000000c0000000, 0x00000000c8280000, 0x00000000eab00000)
  object space 133632K, 99% used [0x00000000c0000000,0x00000000c825db90,0x00000000c8280000)
 Metaspace       used 64775K, committed 65920K, reserved 1114112K
  class space    used 7408K, committed 7872K, reserved 1048576K
}

