# JRE version: OpenJDK Runtime Environment Microsoft-8902769 (17.0.10+7) (build 17.0.10+7-LTS)
# Java VM: OpenJDK 64-Bit Server VM Microsoft-8902769 (17.0.10+7-LTS, mixed mode, sharing, tiered, compressed oops, compressed class ptrs, g1 gc, windows-amd64)
GC Precious Log:
 CPUs: 8 total, 8 available
 Memory: 16082M
 Large Page Support: Disabled
 NUMA Support: Disabled
 Compressed Oops: Enabled (Zero based)
 Heap Region Size: 2M
 Heap Min Capacity: 8M
 Heap Initial Capacity: 252M
 Heap Max Capacity: 4G
 Pre-touch: Disabled
 Parallel Workers: 8
 Concurrent Workers: 2
 Concurrent Refinement Workers: 8
 Periodic GC: Disabled
Heap:
 garbage-first heap   total 516096K, used 219630K [0x0000000700000000, 0x0000000800000000)
  region size 2048K, 22 young (45056K), 9 survivors (18432K)
 Metaspace       used 140595K, committed 142080K, reserved 1179648K
  class space    used 19597K, committed 20224K, reserved 1048576K
GC Heap History (20 events):
Event: 15693.354 GC heap before
{Heap before GC invocations=53 (full 0):
 garbage-first heap   total 270336K, used 229786K [0x0000000700000000, 0x0000000800000000)
  region size 2048K, 18 young (36864K), 3 survivors (6144K)
 Metaspace       used 117111K, committed 118400K, reserved 1179648K
  class space    used 16273K, committed 16896K, reserved 1048576K
}
Event: 15693.360 GC heap after
{Heap after GC invocations=54 (full 0):
 garbage-first heap   total 270336K, used 205446K [0x0000000700000000, 0x0000000800000000)
  region size 2048K, 3 young (6144K), 3 survivors (6144K)
 Metaspace       used 117111K, committed 118400K, reserved 1179648K
  class space    used 16273K, committed 16896K, reserved 1048576K
}
Event: 15693.470 GC heap before
{Heap before GC invocations=54 (full 0):
 garbage-first heap   total 270336K, used 230022K [0x0000000700000000, 0x0000000800000000)
  region size 2048K, 15 young (30720K), 3 survivors (6144K)
 Metaspace       used 117366K, committed 118656K, reserved 1179648K
  class space    used 16311K, committed 16896K, reserved 1048576K
}
Event: 15693.475 GC heap after
{Heap after GC invocations=55 (full 0):
 garbage-first heap   total 325632K, used 210211K [0x0000000700000000, 0x0000000800000000)
  region size 2048K, 2 young (4096K), 2 survivors (4096K)
 Metaspace       used 117366K, committed 118656K, reserved 1179648K
  class space    used 16311K, committed 16896K, reserved 1048576K
}
Event: 15693.556 GC heap before
{Heap before GC invocations=55 (full 0):
 garbage-first heap   total 325632K, used 228643K [0x0000000700000000, 0x0000000800000000)
  region size 2048K, 12 young (24576K), 2 survivors (4096K)
 Metaspace       used 117453K, committed 118848K, reserved 1179648K
  class space    used 16318K, committed 16960K, reserved 1048576K
}
Event: 15693.562 GC heap after
{Heap after GC invocations=56 (full 0):
 garbage-first heap   total 325632K, used 215434K [0x0000000700000000, 0x0000000800000000)
  region size 2048K, 4 young (8192K), 4 survivors (8192K)
 Metaspace       used 117453K, committed 118848K, reserved 1179648K
  class space    used 16318K, committed 16960K, reserved 1048576K
}
Event: 15694.131 GC heap before
{Heap before GC invocations=57 (full 0):
 garbage-first heap   total 368640K, used 264586K [0x0000000700000000, 0x0000000800000000)
  region size 2048K, 28 young (57344K), 4 survivors (8192K)
 Metaspace       used 117300K, committed 119040K, reserved 1179648K
  class space    used 16257K, committed 16960K, reserved 1048576K
}
Event: 15694.136 GC heap after
{Heap after GC invocations=58 (full 0):
 garbage-first heap   total 368640K, used 216865K [0x0000000700000000, 0x0000000800000000)
  region size 2048K, 1 young (2048K), 1 survivors (2048K)
 Metaspace       used 117300K, committed 119040K, reserved 1179648K
  class space    used 16257K, committed 16960K, reserved 1048576K
}
Event: 15694.267 GC heap before
{Heap before GC invocations=58 (full 0):
 garbage-first heap   total 368640K, used 233249K [0x0000000700000000, 0x0000000800000000)
  region size 2048K, 9 young (18432K), 1 survivors (2048K)
 Metaspace       used 117300K, committed 119040K, reserved 1179648K
  class space    used 16257K, committed 16960K, reserved 1048576K
}
Event: 15694.270 GC heap after
{Heap after GC invocations=59 (full 0):
 garbage-first heap   total 368640K, used 181441K [0x0000000700000000, 0x0000000800000000)
  region size 2048K, 1 young (2048K), 1 survivors (2048K)
 Metaspace       used 117300K, committed 119040K, reserved 1179648K
  class space    used 16257K, committed 16960K, reserved 1048576K
}
Event: 15694.368 GC heap before
{Heap before GC invocations=59 (full 0):
 garbage-first heap   total 368640K, used 197825K [0x0000000700000000, 0x0000000800000000)
  region size 2048K, 9 young (18432K), 1 survivors (2048K)
 Metaspace       used 117300K, committed 119040K, reserved 1179648K
  class space    used 16257K, committed 16960K, reserved 1048576K
}
Event: 15694.378 GC heap after
{Heap after GC invocations=60 (full 0):
 garbage-first heap   total 368640K, used 163243K [0x0000000700000000, 0x0000000800000000)
  region size 2048K, 1 young (2048K), 1 survivors (2048K)
 Metaspace       used 117300K, committed 119040K, reserved 1179648K
  class space    used 16257K, committed 16960K, reserved 1048576K
}
Event: 16156.866 GC heap before
{Heap before GC invocations=60 (full 0):
 garbage-first heap   total 368640K, used 284075K [0x0000000700000000, 0x0000000800000000)
  region size 2048K, 61 young (124928K), 1 survivors (2048K)
 Metaspace       used 120176K, committed 121472K, reserved 1179648K
  class space    used 16613K, committed 17216K, reserved 1048576K
}
Event: 16156.872 GC heap after
{Heap after GC invocations=61 (full 0):
 garbage-first heap   total 368640K, used 169034K [0x0000000700000000, 0x0000000800000000)
  region size 2048K, 3 young (6144K), 3 survivors (6144K)
 Metaspace       used 120176K, committed 121472K, reserved 1179648K
  class space    used 16613K, committed 17216K, reserved 1048576K
}
Event: 16158.145 GC heap before
{Heap before GC invocations=61 (full 0):
 garbage-first heap   total 368640K, used 296010K [0x0000000700000000, 0x0000000800000000)
  region size 2048K, 66 young (135168K), 3 survivors (6144K)
 Metaspace       used 131495K, committed 132864K, reserved 1179648K
  class space    used 18091K, committed 18688K, reserved 1048576K
}
Event: 16158.151 GC heap after
{Heap after GC invocations=62 (full 0):
 garbage-first heap   total 368640K, used 176637K [0x0000000700000000, 0x0000000800000000)
  region size 2048K, 7 young (14336K), 7 survivors (14336K)
 Metaspace       used 131495K, committed 132864K, reserved 1179648K
  class space    used 18091K, committed 18688K, reserved 1048576K
}
Event: 16158.965 GC heap before
{Heap before GC invocations=62 (full 0):
 garbage-first heap   total 368640K, used 297469K [0x0000000700000000, 0x0000000800000000)
  region size 2048K, 66 young (135168K), 7 survivors (14336K)
 Metaspace       used 138261K, committed 139712K, reserved 1179648K
  class space    used 19213K, committed 19840K, reserved 1048576K
}
Event: 16158.979 GC heap after
{Heap after GC invocations=63 (full 0):
 garbage-first heap   total 368640K, used 185606K [0x0000000700000000, 0x0000000800000000)
  region size 2048K, 9 young (18432K), 9 survivors (18432K)
 Metaspace       used 138261K, committed 139712K, reserved 1179648K
  class space    used 19213K, committed 19840K, reserved 1048576K
}
Event: 16161.391 GC heap before
{Heap before GC invocations=63 (full 0):
 garbage-first heap   total 368640K, used 300294K [0x0000000700000000, 0x0000000800000000)
  region size 2048K, 65 young (133120K), 9 survivors (18432K)
 Metaspace       used 140438K, committed 141888K, reserved 1179648K
  class space    used 19572K, committed 20224K, reserved 1048576K
}
Event: 16161.406 GC heap after
{Heap after GC invocations=64 (full 0):
 garbage-first heap   total 516096K, used 195054K [0x0000000700000000, 0x0000000800000000)
  region size 2048K, 9 young (18432K), 9 survivors (18432K)
 Metaspace       used 140438K, committed 141888K, reserved 1179648K
  class space    used 19572K, committed 20224K, reserved 1048576K
}

