# JRE version: OpenJDK Runtime Environment Temurin-17.0.12+7 (17.0.12+7) (build 17.0.12+7)
# Java VM: OpenJDK 64-Bit Server VM Temurin-17.0.12+7 (17.0.12+7, mixed mode, tiered, compressed oops, compressed class ptrs, parallel gc, windows-amd64)
GC Precious Log:
 CPUs: 8 total, 8 available
 Memory: 16082M
 Large Page Support: Disabled
 NUMA Support: Disabled
 Compressed Oops: Enabled (32-bit)
 Alignments: Space 512K, Generation 512K, Heap 2M
 Heap Min Capacity: 100M
 Heap Initial Capacity: 100M
 Heap Max Capacity: 1G
 Pre-touch: Disabled
 Parallel Workers: 8
Heap:
 PSYoungGen      total 29696K, used 20729K [0x00000000eab00000, 0x00000000eec00000, 0x0000000100000000)
  eden space 28160K, 72% used [0x00000000eab00000,0x00000000ebed6530,0x00000000ec680000)
  from space 1536K, 27% used [0x00000000ee900000,0x00000000ee968000,0x00000000eea80000)
  to   space 1024K, 0% used [0x00000000eeb00000,0x00000000eeb00000,0x00000000eec00000)
 ParOldGen       total 374784K, used 344669K [0x00000000c0000000, 0x00000000d6e00000, 0x00000000eab00000)
  object space 374784K, 91% used [0x00000000c0000000,0x00000000d5097420,0x00000000d6e00000)
 Metaspace       used 77777K, committed 79104K, reserved 1179648K
  class space    used 9335K, committed 9920K, reserved 1048576K
GC Heap History (20 events):
Event: 114.675 GC heap before
{Heap before GC invocations=132 (full 11):
 PSYoungGen      total 31232K, used 31168K [0x00000000eab00000, 0x00000000eec80000, 0x0000000100000000)
  eden space 30720K, 100% used [0x00000000eab00000,0x00000000ec900000,0x00000000ec900000)
  from space 512K, 87% used [0x00000000eeb80000,0x00000000eebf0000,0x00000000eec00000)
  to   space 512K, 0% used [0x00000000eec00000,0x00000000eec00000,0x00000000eec80000)
 ParOldGen       total 374784K, used 343679K [0x00000000c0000000, 0x00000000d6e00000, 0x00000000eab00000)
  object space 374784K, 91% used [0x00000000c0000000,0x00000000d4f9fef8,0x00000000d6e00000)
 Metaspace       used 75245K, committed 76544K, reserved 1179648K
  class space    used 9050K, committed 9664K, reserved 1048576K
}
Event: 114.676 GC heap after
{Heap after GC invocations=132 (full 11):
 PSYoungGen      total 30720K, used 480K [0x00000000eab00000, 0x00000000eec80000, 0x0000000100000000)
  eden space 30208K, 0% used [0x00000000eab00000,0x00000000eab00000,0x00000000ec880000)
  from space 512K, 93% used [0x00000000eec00000,0x00000000eec78000,0x00000000eec80000)
  to   space 512K, 0% used [0x00000000eeb80000,0x00000000eeb80000,0x00000000eec00000)
 ParOldGen       total 374784K, used 343679K [0x00000000c0000000, 0x00000000d6e00000, 0x00000000eab00000)
  object space 374784K, 91% used [0x00000000c0000000,0x00000000d4f9fef8,0x00000000d6e00000)
 Metaspace       used 75245K, committed 76544K, reserved 1179648K
  class space    used 9050K, committed 9664K, reserved 1048576K
}
Event: 114.894 GC heap before
{Heap before GC invocations=133 (full 11):
 PSYoungGen      total 30720K, used 30688K [0x00000000eab00000, 0x00000000eec80000, 0x0000000100000000)
  eden space 30208K, 100% used [0x00000000eab00000,0x00000000ec880000,0x00000000ec880000)
  from space 512K, 93% used [0x00000000eec00000,0x00000000eec78000,0x00000000eec80000)
  to   space 512K, 0% used [0x00000000eeb80000,0x00000000eeb80000,0x00000000eec00000)
 ParOldGen       total 374784K, used 343679K [0x00000000c0000000, 0x00000000d6e00000, 0x00000000eab00000)
  object space 374784K, 91% used [0x00000000c0000000,0x00000000d4f9fef8,0x00000000d6e00000)
 Metaspace       used 75247K, committed 76544K, reserved 1179648K
  class space    used 9050K, committed 9664K, reserved 1048576K
}
Event: 114.895 GC heap after
{Heap after GC invocations=133 (full 11):
 PSYoungGen      total 30208K, used 480K [0x00000000eab00000, 0x00000000eec80000, 0x0000000100000000)
  eden space 29696K, 0% used [0x00000000eab00000,0x00000000eab00000,0x00000000ec800000)
  from space 512K, 93% used [0x00000000eeb80000,0x00000000eebf8000,0x00000000eec00000)
  to   space 512K, 0% used [0x00000000eec00000,0x00000000eec00000,0x00000000eec80000)
 ParOldGen       total 374784K, used 343679K [0x00000000c0000000, 0x00000000d6e00000, 0x00000000eab00000)
  object space 374784K, 91% used [0x00000000c0000000,0x00000000d4f9fef8,0x00000000d6e00000)
 Metaspace       used 75247K, committed 76544K, reserved 1179648K
  class space    used 9050K, committed 9664K, reserved 1048576K
}
Event: 115.069 GC heap before
{Heap before GC invocations=134 (full 11):
 PSYoungGen      total 30208K, used 30176K [0x00000000eab00000, 0x00000000eec80000, 0x0000000100000000)
  eden space 29696K, 100% used [0x00000000eab00000,0x00000000ec800000,0x00000000ec800000)
  from space 512K, 93% used [0x00000000eeb80000,0x00000000eebf8000,0x00000000eec00000)
  to   space 512K, 0% used [0x00000000eec00000,0x00000000eec00000,0x00000000eec80000)
 ParOldGen       total 374784K, used 343679K [0x00000000c0000000, 0x00000000d6e00000, 0x00000000eab00000)
  object space 374784K, 91% used [0x00000000c0000000,0x00000000d4f9fef8,0x00000000d6e00000)
 Metaspace       used 75256K, committed 76544K, reserved 1179648K
  class space    used 9051K, committed 9664K, reserved 1048576K
}
Event: 115.070 GC heap after
{Heap after GC invocations=134 (full 11):
 PSYoungGen      total 29696K, used 512K [0x00000000eab00000, 0x00000000eec80000, 0x0000000100000000)
  eden space 29184K, 0% used [0x00000000eab00000,0x00000000eab00000,0x00000000ec780000)
  from space 512K, 100% used [0x00000000eec00000,0x00000000eec80000,0x00000000eec80000)
  to   space 1024K, 0% used [0x00000000eea80000,0x00000000eea80000,0x00000000eeb80000)
 ParOldGen       total 374784K, used 343679K [0x00000000c0000000, 0x00000000d6e00000, 0x00000000eab00000)
  object space 374784K, 91% used [0x00000000c0000000,0x00000000d4f9fef8,0x00000000d6e00000)
 Metaspace       used 75256K, committed 76544K, reserved 1179648K
  class space    used 9051K, committed 9664K, reserved 1048576K
}
Event: 115.333 GC heap before
{Heap before GC invocations=135 (full 11):
 PSYoungGen      total 29696K, used 29696K [0x00000000eab00000, 0x00000000eec80000, 0x0000000100000000)
  eden space 29184K, 100% used [0x00000000eab00000,0x00000000ec780000,0x00000000ec780000)
  from space 512K, 100% used [0x00000000eec00000,0x00000000eec80000,0x00000000eec80000)
  to   space 1024K, 0% used [0x00000000eea80000,0x00000000eea80000,0x00000000eeb80000)
 ParOldGen       total 374784K, used 343679K [0x00000000c0000000, 0x00000000d6e00000, 0x00000000eab00000)
  object space 374784K, 91% used [0x00000000c0000000,0x00000000d4f9fef8,0x00000000d6e00000)
 Metaspace       used 75256K, committed 76544K, reserved 1179648K
  class space    used 9051K, committed 9664K, reserved 1048576K
}
Event: 115.334 GC heap after
{Heap after GC invocations=135 (full 11):
 PSYoungGen      total 29696K, used 544K [0x00000000eab00000, 0x00000000eec80000, 0x0000000100000000)
  eden space 28672K, 0% used [0x00000000eab00000,0x00000000eab00000,0x00000000ec700000)
  from space 1024K, 53% used [0x00000000eea80000,0x00000000eeb08000,0x00000000eeb80000)
  to   space 1024K, 0% used [0x00000000eeb80000,0x00000000eeb80000,0x00000000eec80000)
 ParOldGen       total 374784K, used 343679K [0x00000000c0000000, 0x00000000d6e00000, 0x00000000eab00000)
  object space 374784K, 91% used [0x00000000c0000000,0x00000000d4f9fef8,0x00000000d6e00000)
 Metaspace       used 75256K, committed 76544K, reserved 1179648K
  class space    used 9051K, committed 9664K, reserved 1048576K
}
Event: 115.418 GC heap before
{Heap before GC invocations=136 (full 11):
 PSYoungGen      total 29696K, used 29216K [0x00000000eab00000, 0x00000000eec80000, 0x0000000100000000)
  eden space 28672K, 100% used [0x00000000eab00000,0x00000000ec700000,0x00000000ec700000)
  from space 1024K, 53% used [0x00000000eea80000,0x00000000eeb08000,0x00000000eeb80000)
  to   space 1024K, 0% used [0x00000000eeb80000,0x00000000eeb80000,0x00000000eec80000)
 ParOldGen       total 374784K, used 343679K [0x00000000c0000000, 0x00000000d6e00000, 0x00000000eab00000)
  object space 374784K, 91% used [0x00000000c0000000,0x00000000d4f9fef8,0x00000000d6e00000)
 Metaspace       used 75256K, committed 76544K, reserved 1179648K
  class space    used 9051K, committed 9664K, reserved 1048576K
}
Event: 115.420 GC heap after
{Heap after GC invocations=136 (full 11):
 PSYoungGen      total 28672K, used 512K [0x00000000eab00000, 0x00000000eec00000, 0x0000000100000000)
  eden space 28160K, 0% used [0x00000000eab00000,0x00000000eab00000,0x00000000ec680000)
  from space 512K, 100% used [0x00000000eeb80000,0x00000000eec00000,0x00000000eec00000)
  to   space 1024K, 0% used [0x00000000eea00000,0x00000000eea00000,0x00000000eeb00000)
 ParOldGen       total 374784K, used 343679K [0x00000000c0000000, 0x00000000d6e00000, 0x00000000eab00000)
  object space 374784K, 91% used [0x00000000c0000000,0x00000000d4f9fef8,0x00000000d6e00000)
 Metaspace       used 75256K, committed 76544K, reserved 1179648K
  class space    used 9051K, committed 9664K, reserved 1048576K
}
Event: 115.461 GC heap before
{Heap before GC invocations=137 (full 11):
 PSYoungGen      total 28672K, used 28672K [0x00000000eab00000, 0x00000000eec00000, 0x0000000100000000)
  eden space 28160K, 100% used [0x00000000eab00000,0x00000000ec680000,0x00000000ec680000)
  from space 512K, 100% used [0x00000000eeb80000,0x00000000eec00000,0x00000000eec00000)
  to   space 1024K, 0% used [0x00000000eea00000,0x00000000eea00000,0x00000000eeb00000)
 ParOldGen       total 374784K, used 343679K [0x00000000c0000000, 0x00000000d6e00000, 0x00000000eab00000)
  object space 374784K, 91% used [0x00000000c0000000,0x00000000d4f9fef8,0x00000000d6e00000)
 Metaspace       used 75256K, committed 76544K, reserved 1179648K
  class space    used 9051K, committed 9664K, reserved 1048576K
}
Event: 115.462 GC heap after
{Heap after GC invocations=137 (full 11):
 PSYoungGen      total 29184K, used 416K [0x00000000eab00000, 0x00000000eec00000, 0x0000000100000000)
  eden space 28160K, 0% used [0x00000000eab00000,0x00000000eab00000,0x00000000ec680000)
  from space 1024K, 40% used [0x00000000eea00000,0x00000000eea68000,0x00000000eeb00000)
  to   space 512K, 0% used [0x00000000eeb80000,0x00000000eeb80000,0x00000000eec00000)
 ParOldGen       total 374784K, used 343818K [0x00000000c0000000, 0x00000000d6e00000, 0x00000000eab00000)
  object space 374784K, 91% used [0x00000000c0000000,0x00000000d4fc2a68,0x00000000d6e00000)
 Metaspace       used 75256K, committed 76544K, reserved 1179648K
  class space    used 9051K, committed 9664K, reserved 1048576K
}
Event: 115.508 GC heap before
{Heap before GC invocations=138 (full 11):
 PSYoungGen      total 29184K, used 28576K [0x00000000eab00000, 0x00000000eec00000, 0x0000000100000000)
  eden space 28160K, 100% used [0x00000000eab00000,0x00000000ec680000,0x00000000ec680000)
  from space 1024K, 40% used [0x00000000eea00000,0x00000000eea68000,0x00000000eeb00000)
  to   space 512K, 0% used [0x00000000eeb80000,0x00000000eeb80000,0x00000000eec00000)
 ParOldGen       total 374784K, used 343818K [0x00000000c0000000, 0x00000000d6e00000, 0x00000000eab00000)
  object space 374784K, 91% used [0x00000000c0000000,0x00000000d4fc2a68,0x00000000d6e00000)
 Metaspace       used 75256K, committed 76544K, reserved 1179648K
  class space    used 9051K, committed 9664K, reserved 1048576K
}
Event: 115.510 GC heap after
{Heap after GC invocations=138 (full 11):
 PSYoungGen      total 28672K, used 320K [0x00000000eab00000, 0x00000000eec00000, 0x0000000100000000)
  eden space 28160K, 0% used [0x00000000eab00000,0x00000000eab00000,0x00000000ec680000)
  from space 512K, 62% used [0x00000000eeb80000,0x00000000eebd0000,0x00000000eec00000)
  to   space 512K, 0% used [0x00000000eeb00000,0x00000000eeb00000,0x00000000eeb80000)
 ParOldGen       total 374784K, used 343914K [0x00000000c0000000, 0x00000000d6e00000, 0x00000000eab00000)
  object space 374784K, 91% used [0x00000000c0000000,0x00000000d4fdaa68,0x00000000d6e00000)
 Metaspace       used 75256K, committed 76544K, reserved 1179648K
  class space    used 9051K, committed 9664K, reserved 1048576K
}
Event: 115.552 GC heap before
{Heap before GC invocations=139 (full 11):
 PSYoungGen      total 28672K, used 28480K [0x00000000eab00000, 0x00000000eec00000, 0x0000000100000000)
  eden space 28160K, 100% used [0x00000000eab00000,0x00000000ec680000,0x00000000ec680000)
  from space 512K, 62% used [0x00000000eeb80000,0x00000000eebd0000,0x00000000eec00000)
  to   space 512K, 0% used [0x00000000eeb00000,0x00000000eeb00000,0x00000000eeb80000)
 ParOldGen       total 374784K, used 343914K [0x00000000c0000000, 0x00000000d6e00000, 0x00000000eab00000)
  object space 374784K, 91% used [0x00000000c0000000,0x00000000d4fdaa68,0x00000000d6e00000)
 Metaspace       used 75256K, committed 76544K, reserved 1179648K
  class space    used 9051K, committed 9664K, reserved 1048576K
}
Event: 115.552 GC heap after
{Heap after GC invocations=139 (full 11):
 PSYoungGen      total 28672K, used 288K [0x00000000eab00000, 0x00000000eec00000, 0x0000000100000000)
  eden space 28160K, 0% used [0x00000000eab00000,0x00000000eab00000,0x00000000ec680000)
  from space 512K, 56% used [0x00000000eeb00000,0x00000000eeb48000,0x00000000eeb80000)
  to   space 512K, 0% used [0x00000000eeb80000,0x00000000eeb80000,0x00000000eec00000)
 ParOldGen       total 374784K, used 343930K [0x00000000c0000000, 0x00000000d6e00000, 0x00000000eab00000)
  object space 374784K, 91% used [0x00000000c0000000,0x00000000d4fdea68,0x00000000d6e00000)
 Metaspace       used 75256K, committed 76544K, reserved 1179648K
  class space    used 9051K, committed 9664K, reserved 1048576K
}
Event: 182.915 GC heap before
{Heap before GC invocations=140 (full 11):
 PSYoungGen      total 28672K, used 28443K [0x00000000eab00000, 0x00000000eec00000, 0x0000000100000000)
  eden space 28160K, 99% used [0x00000000eab00000,0x00000000ec67ef40,0x00000000ec680000)
  from space 512K, 56% used [0x00000000eeb00000,0x00000000eeb48000,0x00000000eeb80000)
  to   space 512K, 0% used [0x00000000eeb80000,0x00000000eeb80000,0x00000000eec00000)
 ParOldGen       total 374784K, used 343930K [0x00000000c0000000, 0x00000000d6e00000, 0x00000000eab00000)
  object space 374784K, 91% used [0x00000000c0000000,0x00000000d4fdea68,0x00000000d6e00000)
 Metaspace       used 76048K, committed 77376K, reserved 1179648K
  class space    used 9145K, committed 9728K, reserved 1048576K
}
Event: 182.917 GC heap after
{Heap after GC invocations=140 (full 11):
 PSYoungGen      total 28672K, used 493K [0x00000000eab00000, 0x00000000eec00000, 0x0000000100000000)
  eden space 28160K, 0% used [0x00000000eab00000,0x00000000eab00000,0x00000000ec680000)
  from space 512K, 96% used [0x00000000eeb80000,0x00000000eebfb718,0x00000000eec00000)
  to   space 1536K, 0% used [0x00000000ee900000,0x00000000ee900000,0x00000000eea80000)
 ParOldGen       total 374784K, used 344621K [0x00000000c0000000, 0x00000000d6e00000, 0x00000000eab00000)
  object space 374784K, 91% used [0x00000000c0000000,0x00000000d508b420,0x00000000d6e00000)
 Metaspace       used 76048K, committed 77376K, reserved 1179648K
  class space    used 9145K, committed 9728K, reserved 1048576K
}
Event: 182.987 GC heap before
{Heap before GC invocations=141 (full 11):
 PSYoungGen      total 28672K, used 28653K [0x00000000eab00000, 0x00000000eec00000, 0x0000000100000000)
  eden space 28160K, 100% used [0x00000000eab00000,0x00000000ec680000,0x00000000ec680000)
  from space 512K, 96% used [0x00000000eeb80000,0x00000000eebfb718,0x00000000eec00000)
  to   space 1536K, 0% used [0x00000000ee900000,0x00000000ee900000,0x00000000eea80000)
 ParOldGen       total 374784K, used 344621K [0x00000000c0000000, 0x00000000d6e00000, 0x00000000eab00000)
  object space 374784K, 91% used [0x00000000c0000000,0x00000000d508b420,0x00000000d6e00000)
 Metaspace       used 76519K, committed 77824K, reserved 1179648K
  class space    used 9183K, committed 9792K, reserved 1048576K
}
Event: 182.988 GC heap after
{Heap after GC invocations=141 (full 11):
 PSYoungGen      total 29696K, used 416K [0x00000000eab00000, 0x00000000eec00000, 0x0000000100000000)
  eden space 28160K, 0% used [0x00000000eab00000,0x00000000eab00000,0x00000000ec680000)
  from space 1536K, 27% used [0x00000000ee900000,0x00000000ee968000,0x00000000eea80000)
  to   space 1024K, 0% used [0x00000000eeb00000,0x00000000eeb00000,0x00000000eec00000)
 ParOldGen       total 374784K, used 344669K [0x00000000c0000000, 0x00000000d6e00000, 0x00000000eab00000)
  object space 374784K, 91% used [0x00000000c0000000,0x00000000d5097420,0x00000000d6e00000)
 Metaspace       used 76519K, committed 77824K, reserved 1179648K
  class space    used 9183K, committed 9792K, reserved 1048576K
}

